<html>
<head>
<title>TestNG:  Command line test</title>
<link href="../testng.css" rel="stylesheet" type="text/css" />
<link href="../my-testng.css" rel="stylesheet" type="text/css" />

<style type="text/css">
.log { display: none;} 
.stack-trace { display: none;} 
</style>
<script type="text/javascript">
<!--
function flip(e) {
  current = e.style.display;
  if (current == 'block') {
    e.style.display = 'none';
    return 0;
  }
  else {
    e.style.display = 'block';
    return 1;
  }
}

function toggleBox(szDivId, elem, msg1, msg2)
{
  var res = -1;  if (document.getElementById) {
    res = flip(document.getElementById(szDivId));
  }
  else if (document.all) {
    // this is the way old msie versions work
    res = flip(document.all[szDivId]);
  }
  if(elem) {
    if(res == 0) elem.innerHTML = msg1; else elem.innerHTML = msg2;
  }

}

function toggleAllBoxes() {
  if (document.getElementsByTagName) {
    d = document.getElementsByTagName('div');
    for (i = 0; i < d.length; i++) {
      if (d[i].className == 'log') {
        flip(d[i]);
      }
    }
  }
}

// -->
</script>

</head>
<body>
<h2 align='center'>Command line test</h2><table border='1' align="center">
<tr>
<td>Tests passed/Failed/Skipped:</td><td>62/0/0</td>
</tr><tr>
<td>Started on:</td><td>Tue Jan 12 04:53:00 HST 2016</td>
</tr>
<tr><td>Total time:</td><td>19 seconds (19773 ms)</td>
</tr><tr>
<td>Included groups:</td><td></td>
</tr><tr>
<td>Excluded groups:</td><td></td>
</tr>
</table><p/>
<small><i>(Hover the method name to see the test class name)</i></small><p/>
<table width='100%' border='1' class='invocation-passed'>
<tr><td colspan='4' align='center'><b>PASSED TESTS</b></td></tr>
<tr><td><b>Test method</b></td>
<td width="30%"><b>Exception</b></td>
<td width="10%"><b>Time (seconds)</b></td>
<td><b>Instance</b></td>
</tr>
<tr>
<td title='test.hida.MinterTest.formatOverlap()'><b>formatOverlap</b><br>Test class: test.hida.MinterTest<br>Parameters: 100, DIGIT, true, 2</td>
<td><div><pre>com.hida.NotEnoughPermutationsException: 100 ids were requested but only 0 can be created using given format
	at com.hida.Minter.rollIds(Minter.java:292)
	at com.hida.Minter.genIdAutoRandom(Minter.java:343)
	at test.hida.MinterTest.formatOverlap(MinterTest.java:381)
... Removed 33 stack frames</pre></div><a href='#' onClick='toggleBox("stack-trace830464780", this, "Click to show all stack frames", "Click to hide stack frames")'>Click to show all stack frames</a>
<div class='stack-trace' id='stack-trace830464780'><pre>com.hida.NotEnoughPermutationsException: 100 ids were requested but only 0 can be created using given format
	at com.hida.Minter.rollIds(Minter.java:292)
	at com.hida.Minter.genIdAutoRandom(Minter.java:343)
	at test.hida.MinterTest.formatOverlap(MinterTest.java:381)
	at sun.reflect.NativeMethodAccessorImpl.invoke0(Native Method)
	at sun.reflect.NativeMethodAccessorImpl.invoke(NativeMethodAccessorImpl.java:57)
	at sun.reflect.DelegatingMethodAccessorImpl.invoke(DelegatingMethodAccessorImpl.java:43)
	at java.lang.reflect.Method.invoke(Method.java:606)
	at org.testng.internal.MethodInvocationHelper.invokeMethod(MethodInvocationHelper.java:84)
	at org.testng.internal.Invoker.invokeMethod(Invoker.java:714)
	at org.testng.internal.Invoker.invokeTestMethod(Invoker.java:901)
	at org.testng.internal.Invoker.invokeTestMethods(Invoker.java:1231)
	at org.testng.internal.TestMethodWorker.invokeTestMethods(TestMethodWorker.java:127)
	at org.testng.internal.TestMethodWorker.run(TestMethodWorker.java:111)
	at org.testng.TestRunner.privateRun(TestRunner.java:767)
	at org.testng.TestRunner.run(TestRunner.java:617)
	at org.testng.SuiteRunner.runTest(SuiteRunner.java:334)
	at org.testng.SuiteRunner.runSequentially(SuiteRunner.java:329)
	at org.testng.SuiteRunner.privateRun(SuiteRunner.java:291)
	at org.testng.SuiteRunner.run(SuiteRunner.java:240)
	at org.testng.SuiteRunnerWorker.runSuite(SuiteRunnerWorker.java:52)
	at org.testng.SuiteRunnerWorker.run(SuiteRunnerWorker.java:86)
	at org.testng.TestNG.runSuitesSequentially(TestNG.java:1224)
	at org.testng.TestNG.runSuitesLocally(TestNG.java:1149)
	at org.testng.TestNG.run(TestNG.java:1057)
	at org.apache.maven.surefire.testng.TestNGExecutor.run(TestNGExecutor.java:70)
	at org.apache.maven.surefire.testng.TestNGDirectoryTestSuite.execute(TestNGDirectoryTestSuite.java:109)
	at org.apache.maven.surefire.testng.TestNGProvider.invoke(TestNGProvider.java:111)
	at sun.reflect.NativeMethodAccessorImpl.invoke0(Native Method)
	at sun.reflect.NativeMethodAccessorImpl.invoke(NativeMethodAccessorImpl.java:57)
	at sun.reflect.DelegatingMethodAccessorImpl.invoke(DelegatingMethodAccessorImpl.java:43)
	at java.lang.reflect.Method.invoke(Method.java:606)
	at org.apache.maven.surefire.util.ReflectionUtils.invokeMethodWithArray(ReflectionUtils.java:164)
	at org.apache.maven.surefire.booter.ProviderFactory$ProviderProxy.invoke(ProviderFactory.java:110)
	at org.apache.maven.surefire.booter.SurefireStarter.invokeProvider(SurefireStarter.java:175)
	at org.apache.maven.surefire.booter.SurefireStarter.runSuitesInProcessWhenForked(SurefireStarter.java:107)
	at org.apache.maven.surefire.booter.ForkedBooter.main(ForkedBooter.java:68)
</pre></div></td>
<td>0</td>
<td>test.hida.MinterTest@5e30e1c0</td></tr>
<tr>
<td title='test.hida.MinterTest.formatOverlap()'><b>formatOverlap</b><br>Test class: test.hida.MinterTest<br>Parameters: 900, LOWER_EXTENDED, true, 2</td>
<td><div><pre>com.hida.NotEnoughPermutationsException: 900 ids were requested but only 800 can be created using given format
	at com.hida.Minter.rollIds(Minter.java:292)
	at com.hida.Minter.genIdAutoRandom(Minter.java:343)
	at test.hida.MinterTest.formatOverlap(MinterTest.java:381)
... Removed 33 stack frames</pre></div><a href='#' onClick='toggleBox("stack-trace1835556608", this, "Click to show all stack frames", "Click to hide stack frames")'>Click to show all stack frames</a>
<div class='stack-trace' id='stack-trace1835556608'><pre>com.hida.NotEnoughPermutationsException: 900 ids were requested but only 800 can be created using given format
	at com.hida.Minter.rollIds(Minter.java:292)
	at com.hida.Minter.genIdAutoRandom(Minter.java:343)
	at test.hida.MinterTest.formatOverlap(MinterTest.java:381)
	at sun.reflect.NativeMethodAccessorImpl.invoke0(Native Method)
	at sun.reflect.NativeMethodAccessorImpl.invoke(NativeMethodAccessorImpl.java:57)
	at sun.reflect.DelegatingMethodAccessorImpl.invoke(DelegatingMethodAccessorImpl.java:43)
	at java.lang.reflect.Method.invoke(Method.java:606)
	at org.testng.internal.MethodInvocationHelper.invokeMethod(MethodInvocationHelper.java:84)
	at org.testng.internal.Invoker.invokeMethod(Invoker.java:714)
	at org.testng.internal.Invoker.invokeTestMethod(Invoker.java:901)
	at org.testng.internal.Invoker.invokeTestMethods(Invoker.java:1231)
	at org.testng.internal.TestMethodWorker.invokeTestMethods(TestMethodWorker.java:127)
	at org.testng.internal.TestMethodWorker.run(TestMethodWorker.java:111)
	at org.testng.TestRunner.privateRun(TestRunner.java:767)
	at org.testng.TestRunner.run(TestRunner.java:617)
	at org.testng.SuiteRunner.runTest(SuiteRunner.java:334)
	at org.testng.SuiteRunner.runSequentially(SuiteRunner.java:329)
	at org.testng.SuiteRunner.privateRun(SuiteRunner.java:291)
	at org.testng.SuiteRunner.run(SuiteRunner.java:240)
	at org.testng.SuiteRunnerWorker.runSuite(SuiteRunnerWorker.java:52)
	at org.testng.SuiteRunnerWorker.run(SuiteRunnerWorker.java:86)
	at org.testng.TestNG.runSuitesSequentially(TestNG.java:1224)
	at org.testng.TestNG.runSuitesLocally(TestNG.java:1149)
	at org.testng.TestNG.run(TestNG.java:1057)
	at org.apache.maven.surefire.testng.TestNGExecutor.run(TestNGExecutor.java:70)
	at org.apache.maven.surefire.testng.TestNGDirectoryTestSuite.execute(TestNGDirectoryTestSuite.java:109)
	at org.apache.maven.surefire.testng.TestNGProvider.invoke(TestNGProvider.java:111)
	at sun.reflect.NativeMethodAccessorImpl.invoke0(Native Method)
	at sun.reflect.NativeMethodAccessorImpl.invoke(NativeMethodAccessorImpl.java:57)
	at sun.reflect.DelegatingMethodAccessorImpl.invoke(DelegatingMethodAccessorImpl.java:43)
	at java.lang.reflect.Method.invoke(Method.java:606)
	at org.apache.maven.surefire.util.ReflectionUtils.invokeMethodWithArray(ReflectionUtils.java:164)
	at org.apache.maven.surefire.booter.ProviderFactory$ProviderProxy.invoke(ProviderFactory.java:110)
	at org.apache.maven.surefire.booter.SurefireStarter.invokeProvider(SurefireStarter.java:175)
	at org.apache.maven.surefire.booter.SurefireStarter.runSuitesInProcessWhenForked(SurefireStarter.java:107)
	at org.apache.maven.surefire.booter.ForkedBooter.main(ForkedBooter.java:68)
</pre></div></td>
<td>2</td>
<td>test.hida.MinterTest@5e30e1c0</td></tr>
<tr>
<td title='test.hida.MinterTest.formatOverlap()'><b>formatOverlap</b><br>Test class: test.hida.MinterTest<br>Parameters: 900, UPPER_EXTENDED, true, 2</td>
<td><div><pre>com.hida.NotEnoughPermutationsException: 900 ids were requested but only 800 can be created using given format
	at com.hida.Minter.rollIds(Minter.java:292)
	at com.hida.Minter.genIdAutoRandom(Minter.java:343)
	at test.hida.MinterTest.formatOverlap(MinterTest.java:381)
... Removed 33 stack frames</pre></div><a href='#' onClick='toggleBox("stack-trace2116757272", this, "Click to show all stack frames", "Click to hide stack frames")'>Click to show all stack frames</a>
<div class='stack-trace' id='stack-trace2116757272'><pre>com.hida.NotEnoughPermutationsException: 900 ids were requested but only 800 can be created using given format
	at com.hida.Minter.rollIds(Minter.java:292)
	at com.hida.Minter.genIdAutoRandom(Minter.java:343)
	at test.hida.MinterTest.formatOverlap(MinterTest.java:381)
	at sun.reflect.NativeMethodAccessorImpl.invoke0(Native Method)
	at sun.reflect.NativeMethodAccessorImpl.invoke(NativeMethodAccessorImpl.java:57)
	at sun.reflect.DelegatingMethodAccessorImpl.invoke(DelegatingMethodAccessorImpl.java:43)
	at java.lang.reflect.Method.invoke(Method.java:606)
	at org.testng.internal.MethodInvocationHelper.invokeMethod(MethodInvocationHelper.java:84)
	at org.testng.internal.Invoker.invokeMethod(Invoker.java:714)
	at org.testng.internal.Invoker.invokeTestMethod(Invoker.java:901)
	at org.testng.internal.Invoker.invokeTestMethods(Invoker.java:1231)
	at org.testng.internal.TestMethodWorker.invokeTestMethods(TestMethodWorker.java:127)
	at org.testng.internal.TestMethodWorker.run(TestMethodWorker.java:111)
	at org.testng.TestRunner.privateRun(TestRunner.java:767)
	at org.testng.TestRunner.run(TestRunner.java:617)
	at org.testng.SuiteRunner.runTest(SuiteRunner.java:334)
	at org.testng.SuiteRunner.runSequentially(SuiteRunner.java:329)
	at org.testng.SuiteRunner.privateRun(SuiteRunner.java:291)
	at org.testng.SuiteRunner.run(SuiteRunner.java:240)
	at org.testng.SuiteRunnerWorker.runSuite(SuiteRunnerWorker.java:52)
	at org.testng.SuiteRunnerWorker.run(SuiteRunnerWorker.java:86)
	at org.testng.TestNG.runSuitesSequentially(TestNG.java:1224)
	at org.testng.TestNG.runSuitesLocally(TestNG.java:1149)
	at org.testng.TestNG.run(TestNG.java:1057)
	at org.apache.maven.surefire.testng.TestNGExecutor.run(TestNGExecutor.java:70)
	at org.apache.maven.surefire.testng.TestNGDirectoryTestSuite.execute(TestNGDirectoryTestSuite.java:109)
	at org.apache.maven.surefire.testng.TestNGProvider.invoke(TestNGProvider.java:111)
	at sun.reflect.NativeMethodAccessorImpl.invoke0(Native Method)
	at sun.reflect.NativeMethodAccessorImpl.invoke(NativeMethodAccessorImpl.java:57)
	at sun.reflect.DelegatingMethodAccessorImpl.invoke(DelegatingMethodAccessorImpl.java:43)
	at java.lang.reflect.Method.invoke(Method.java:606)
	at org.apache.maven.surefire.util.ReflectionUtils.invokeMethodWithArray(ReflectionUtils.java:164)
	at org.apache.maven.surefire.booter.ProviderFactory$ProviderProxy.invoke(ProviderFactory.java:110)
	at org.apache.maven.surefire.booter.SurefireStarter.invokeProvider(SurefireStarter.java:175)
	at org.apache.maven.surefire.booter.SurefireStarter.runSuitesInProcessWhenForked(SurefireStarter.java:107)
	at org.apache.maven.surefire.booter.ForkedBooter.main(ForkedBooter.java:68)
</pre></div></td>
<td>1</td>
<td>test.hida.MinterTest@5e30e1c0</td></tr>
<tr>
<td title='test.hida.MinterTest.formatOverlap()'><b>formatOverlap</b><br>Test class: test.hida.MinterTest<br>Parameters: 2500, MIXED_EXTENDED, true, 2</td>
<td><div><pre>com.hida.NotEnoughPermutationsException: 2500 ids were requested but only 2400 can be created using given format
	at com.hida.Minter.rollIds(Minter.java:292)
	at com.hida.Minter.genIdAutoRandom(Minter.java:343)
	at test.hida.MinterTest.formatOverlap(MinterTest.java:381)
... Removed 33 stack frames</pre></div><a href='#' onClick='toggleBox("stack-trace738355611", this, "Click to show all stack frames", "Click to hide stack frames")'>Click to show all stack frames</a>
<div class='stack-trace' id='stack-trace738355611'><pre>com.hida.NotEnoughPermutationsException: 2500 ids were requested but only 2400 can be created using given format
	at com.hida.Minter.rollIds(Minter.java:292)
	at com.hida.Minter.genIdAutoRandom(Minter.java:343)
	at test.hida.MinterTest.formatOverlap(MinterTest.java:381)
	at sun.reflect.NativeMethodAccessorImpl.invoke0(Native Method)
	at sun.reflect.NativeMethodAccessorImpl.invoke(NativeMethodAccessorImpl.java:57)
	at sun.reflect.DelegatingMethodAccessorImpl.invoke(DelegatingMethodAccessorImpl.java:43)
	at java.lang.reflect.Method.invoke(Method.java:606)
	at org.testng.internal.MethodInvocationHelper.invokeMethod(MethodInvocationHelper.java:84)
	at org.testng.internal.Invoker.invokeMethod(Invoker.java:714)
	at org.testng.internal.Invoker.invokeTestMethod(Invoker.java:901)
	at org.testng.internal.Invoker.invokeTestMethods(Invoker.java:1231)
	at org.testng.internal.TestMethodWorker.invokeTestMethods(TestMethodWorker.java:127)
	at org.testng.internal.TestMethodWorker.run(TestMethodWorker.java:111)
	at org.testng.TestRunner.privateRun(TestRunner.java:767)
	at org.testng.TestRunner.run(TestRunner.java:617)
	at org.testng.SuiteRunner.runTest(SuiteRunner.java:334)
	at org.testng.SuiteRunner.runSequentially(SuiteRunner.java:329)
	at org.testng.SuiteRunner.privateRun(SuiteRunner.java:291)
	at org.testng.SuiteRunner.run(SuiteRunner.java:240)
	at org.testng.SuiteRunnerWorker.runSuite(SuiteRunnerWorker.java:52)
	at org.testng.SuiteRunnerWorker.run(SuiteRunnerWorker.java:86)
	at org.testng.TestNG.runSuitesSequentially(TestNG.java:1224)
	at org.testng.TestNG.runSuitesLocally(TestNG.java:1149)
	at org.testng.TestNG.run(TestNG.java:1057)
	at org.apache.maven.surefire.testng.TestNGExecutor.run(TestNGExecutor.java:70)
	at org.apache.maven.surefire.testng.TestNGDirectoryTestSuite.execute(TestNGDirectoryTestSuite.java:109)
	at org.apache.maven.surefire.testng.TestNGProvider.invoke(TestNGProvider.java:111)
	at sun.reflect.NativeMethodAccessorImpl.invoke0(Native Method)
	at sun.reflect.NativeMethodAccessorImpl.invoke(NativeMethodAccessorImpl.java:57)
	at sun.reflect.DelegatingMethodAccessorImpl.invoke(DelegatingMethodAccessorImpl.java:43)
	at java.lang.reflect.Method.invoke(Method.java:606)
	at org.apache.maven.surefire.util.ReflectionUtils.invokeMethodWithArray(ReflectionUtils.java:164)
	at org.apache.maven.surefire.booter.ProviderFactory$ProviderProxy.invoke(ProviderFactory.java:110)
	at org.apache.maven.surefire.booter.SurefireStarter.invokeProvider(SurefireStarter.java:175)
	at org.apache.maven.surefire.booter.SurefireStarter.runSuitesInProcessWhenForked(SurefireStarter.java:107)
	at org.apache.maven.surefire.booter.ForkedBooter.main(ForkedBooter.java:68)
</pre></div></td>
<td>10</td>
<td>test.hida.MinterTest@5e30e1c0</td></tr>
<tr>
<td title='test.hida.MinterTest.populateAutoDigitFormat()'><b>populateAutoDigitFormat</b><br>Test class: test.hida.MinterTest</td>
<td></td>
<td>0</td>
<td>test.hida.MinterTest@5e30e1c0</td></tr>
<tr>
<td title='test.hida.MinterTest.testBadParameterExceptionAutoMinter()'><b>testBadParameterExceptionAutoMinter</b><br>Test class: test.hida.MinterTest<br>Parameters: -10, prefix, DIGIT, 10, true</td>
<td><div><pre>com.hida.BadParameterException: An invalid &apos;Requested Amount&apos; was detected: -10
	at test.hida.MinterTest.testBadParameterExceptionAutoMinter(MinterTest.java:437)
... Removed 33 stack frames</pre></div><a href='#' onClick='toggleBox("stack-trace835875346", this, "Click to show all stack frames", "Click to hide stack frames")'>Click to show all stack frames</a>
<div class='stack-trace' id='stack-trace835875346'><pre>com.hida.BadParameterException: An invalid &apos;Requested Amount&apos; was detected: -10
	at test.hida.MinterTest.testBadParameterExceptionAutoMinter(MinterTest.java:437)
	at sun.reflect.NativeMethodAccessorImpl.invoke0(Native Method)
	at sun.reflect.NativeMethodAccessorImpl.invoke(NativeMethodAccessorImpl.java:57)
	at sun.reflect.DelegatingMethodAccessorImpl.invoke(DelegatingMethodAccessorImpl.java:43)
	at java.lang.reflect.Method.invoke(Method.java:606)
	at org.testng.internal.MethodInvocationHelper.invokeMethod(MethodInvocationHelper.java:84)
	at org.testng.internal.Invoker.invokeMethod(Invoker.java:714)
	at org.testng.internal.Invoker.invokeTestMethod(Invoker.java:901)
	at org.testng.internal.Invoker.invokeTestMethods(Invoker.java:1231)
	at org.testng.internal.TestMethodWorker.invokeTestMethods(TestMethodWorker.java:127)
	at org.testng.internal.TestMethodWorker.run(TestMethodWorker.java:111)
	at org.testng.TestRunner.privateRun(TestRunner.java:767)
	at org.testng.TestRunner.run(TestRunner.java:617)
	at org.testng.SuiteRunner.runTest(SuiteRunner.java:334)
	at org.testng.SuiteRunner.runSequentially(SuiteRunner.java:329)
	at org.testng.SuiteRunner.privateRun(SuiteRunner.java:291)
	at org.testng.SuiteRunner.run(SuiteRunner.java:240)
	at org.testng.SuiteRunnerWorker.runSuite(SuiteRunnerWorker.java:52)
	at org.testng.SuiteRunnerWorker.run(SuiteRunnerWorker.java:86)
	at org.testng.TestNG.runSuitesSequentially(TestNG.java:1224)
	at org.testng.TestNG.runSuitesLocally(TestNG.java:1149)
	at org.testng.TestNG.run(TestNG.java:1057)
	at org.apache.maven.surefire.testng.TestNGExecutor.run(TestNGExecutor.java:70)
	at org.apache.maven.surefire.testng.TestNGDirectoryTestSuite.execute(TestNGDirectoryTestSuite.java:109)
	at org.apache.maven.surefire.testng.TestNGProvider.invoke(TestNGProvider.java:111)
	at sun.reflect.NativeMethodAccessorImpl.invoke0(Native Method)
	at sun.reflect.NativeMethodAccessorImpl.invoke(NativeMethodAccessorImpl.java:57)
	at sun.reflect.DelegatingMethodAccessorImpl.invoke(DelegatingMethodAccessorImpl.java:43)
	at java.lang.reflect.Method.invoke(Method.java:606)
	at org.apache.maven.surefire.util.ReflectionUtils.invokeMethodWithArray(ReflectionUtils.java:164)
	at org.apache.maven.surefire.booter.ProviderFactory$ProviderProxy.invoke(ProviderFactory.java:110)
	at org.apache.maven.surefire.booter.SurefireStarter.invokeProvider(SurefireStarter.java:175)
	at org.apache.maven.surefire.booter.SurefireStarter.runSuitesInProcessWhenForked(SurefireStarter.java:107)
	at org.apache.maven.surefire.booter.ForkedBooter.main(ForkedBooter.java:68)
</pre></div></td>
<td>0</td>
<td>test.hida.MinterTest@5e30e1c0</td></tr>
<tr>
<td title='test.hida.MinterTest.testBadParameterExceptionAutoMinter()'><b>testBadParameterExceptionAutoMinter</b><br>Test class: test.hida.MinterTest<br>Parameters: 100, !prefix, DIGIT, 10, true</td>
<td><div><pre>com.hida.BadParameterException: An invalid &apos;Prefix&apos; was detected: !prefix
	at com.hida.Minter.&lt;init&gt;(Minter.java:152)
	at test.hida.MinterTest.testBadParameterExceptionAutoMinter(MinterTest.java:434)
... Removed 33 stack frames</pre></div><a href='#' onClick='toggleBox("stack-trace1866405195", this, "Click to show all stack frames", "Click to hide stack frames")'>Click to show all stack frames</a>
<div class='stack-trace' id='stack-trace1866405195'><pre>com.hida.BadParameterException: An invalid &apos;Prefix&apos; was detected: !prefix
	at com.hida.Minter.&lt;init&gt;(Minter.java:152)
	at test.hida.MinterTest.testBadParameterExceptionAutoMinter(MinterTest.java:434)
	at sun.reflect.NativeMethodAccessorImpl.invoke0(Native Method)
	at sun.reflect.NativeMethodAccessorImpl.invoke(NativeMethodAccessorImpl.java:57)
	at sun.reflect.DelegatingMethodAccessorImpl.invoke(DelegatingMethodAccessorImpl.java:43)
	at java.lang.reflect.Method.invoke(Method.java:606)
	at org.testng.internal.MethodInvocationHelper.invokeMethod(MethodInvocationHelper.java:84)
	at org.testng.internal.Invoker.invokeMethod(Invoker.java:714)
	at org.testng.internal.Invoker.invokeTestMethod(Invoker.java:901)
	at org.testng.internal.Invoker.invokeTestMethods(Invoker.java:1231)
	at org.testng.internal.TestMethodWorker.invokeTestMethods(TestMethodWorker.java:127)
	at org.testng.internal.TestMethodWorker.run(TestMethodWorker.java:111)
	at org.testng.TestRunner.privateRun(TestRunner.java:767)
	at org.testng.TestRunner.run(TestRunner.java:617)
	at org.testng.SuiteRunner.runTest(SuiteRunner.java:334)
	at org.testng.SuiteRunner.runSequentially(SuiteRunner.java:329)
	at org.testng.SuiteRunner.privateRun(SuiteRunner.java:291)
	at org.testng.SuiteRunner.run(SuiteRunner.java:240)
	at org.testng.SuiteRunnerWorker.runSuite(SuiteRunnerWorker.java:52)
	at org.testng.SuiteRunnerWorker.run(SuiteRunnerWorker.java:86)
	at org.testng.TestNG.runSuitesSequentially(TestNG.java:1224)
	at org.testng.TestNG.runSuitesLocally(TestNG.java:1149)
	at org.testng.TestNG.run(TestNG.java:1057)
	at org.apache.maven.surefire.testng.TestNGExecutor.run(TestNGExecutor.java:70)
	at org.apache.maven.surefire.testng.TestNGDirectoryTestSuite.execute(TestNGDirectoryTestSuite.java:109)
	at org.apache.maven.surefire.testng.TestNGProvider.invoke(TestNGProvider.java:111)
	at sun.reflect.NativeMethodAccessorImpl.invoke0(Native Method)
	at sun.reflect.NativeMethodAccessorImpl.invoke(NativeMethodAccessorImpl.java:57)
	at sun.reflect.DelegatingMethodAccessorImpl.invoke(DelegatingMethodAccessorImpl.java:43)
	at java.lang.reflect.Method.invoke(Method.java:606)
	at org.apache.maven.surefire.util.ReflectionUtils.invokeMethodWithArray(ReflectionUtils.java:164)
	at org.apache.maven.surefire.booter.ProviderFactory$ProviderProxy.invoke(ProviderFactory.java:110)
	at org.apache.maven.surefire.booter.SurefireStarter.invokeProvider(SurefireStarter.java:175)
	at org.apache.maven.surefire.booter.SurefireStarter.runSuitesInProcessWhenForked(SurefireStarter.java:107)
	at org.apache.maven.surefire.booter.ForkedBooter.main(ForkedBooter.java:68)
</pre></div></td>
<td>0</td>
<td>test.hida.MinterTest@5e30e1c0</td></tr>
<tr>
<td title='test.hida.MinterTest.testBadParameterExceptionAutoMinter()'><b>testBadParameterExceptionAutoMinter</b><br>Test class: test.hida.MinterTest<br>Parameters: 100,                      , DIGIT, 10, true</td>
<td><div><pre>com.hida.BadParameterException: An invalid &apos;Prefix&apos; was detected:                      
	at com.hida.Minter.&lt;init&gt;(Minter.java:152)
	at test.hida.MinterTest.testBadParameterExceptionAutoMinter(MinterTest.java:434)
... Removed 33 stack frames</pre></div><a href='#' onClick='toggleBox("stack-trace378480636", this, "Click to show all stack frames", "Click to hide stack frames")'>Click to show all stack frames</a>
<div class='stack-trace' id='stack-trace378480636'><pre>com.hida.BadParameterException: An invalid &apos;Prefix&apos; was detected:                      
	at com.hida.Minter.&lt;init&gt;(Minter.java:152)
	at test.hida.MinterTest.testBadParameterExceptionAutoMinter(MinterTest.java:434)
	at sun.reflect.NativeMethodAccessorImpl.invoke0(Native Method)
	at sun.reflect.NativeMethodAccessorImpl.invoke(NativeMethodAccessorImpl.java:57)
	at sun.reflect.DelegatingMethodAccessorImpl.invoke(DelegatingMethodAccessorImpl.java:43)
	at java.lang.reflect.Method.invoke(Method.java:606)
	at org.testng.internal.MethodInvocationHelper.invokeMethod(MethodInvocationHelper.java:84)
	at org.testng.internal.Invoker.invokeMethod(Invoker.java:714)
	at org.testng.internal.Invoker.invokeTestMethod(Invoker.java:901)
	at org.testng.internal.Invoker.invokeTestMethods(Invoker.java:1231)
	at org.testng.internal.TestMethodWorker.invokeTestMethods(TestMethodWorker.java:127)
	at org.testng.internal.TestMethodWorker.run(TestMethodWorker.java:111)
	at org.testng.TestRunner.privateRun(TestRunner.java:767)
	at org.testng.TestRunner.run(TestRunner.java:617)
	at org.testng.SuiteRunner.runTest(SuiteRunner.java:334)
	at org.testng.SuiteRunner.runSequentially(SuiteRunner.java:329)
	at org.testng.SuiteRunner.privateRun(SuiteRunner.java:291)
	at org.testng.SuiteRunner.run(SuiteRunner.java:240)
	at org.testng.SuiteRunnerWorker.runSuite(SuiteRunnerWorker.java:52)
	at org.testng.SuiteRunnerWorker.run(SuiteRunnerWorker.java:86)
	at org.testng.TestNG.runSuitesSequentially(TestNG.java:1224)
	at org.testng.TestNG.runSuitesLocally(TestNG.java:1149)
	at org.testng.TestNG.run(TestNG.java:1057)
	at org.apache.maven.surefire.testng.TestNGExecutor.run(TestNGExecutor.java:70)
	at org.apache.maven.surefire.testng.TestNGDirectoryTestSuite.execute(TestNGDirectoryTestSuite.java:109)
	at org.apache.maven.surefire.testng.TestNGProvider.invoke(TestNGProvider.java:111)
	at sun.reflect.NativeMethodAccessorImpl.invoke0(Native Method)
	at sun.reflect.NativeMethodAccessorImpl.invoke(NativeMethodAccessorImpl.java:57)
	at sun.reflect.DelegatingMethodAccessorImpl.invoke(DelegatingMethodAccessorImpl.java:43)
	at java.lang.reflect.Method.invoke(Method.java:606)
	at org.apache.maven.surefire.util.ReflectionUtils.invokeMethodWithArray(ReflectionUtils.java:164)
	at org.apache.maven.surefire.booter.ProviderFactory$ProviderProxy.invoke(ProviderFactory.java:110)
	at org.apache.maven.surefire.booter.SurefireStarter.invokeProvider(SurefireStarter.java:175)
	at org.apache.maven.surefire.booter.SurefireStarter.runSuitesInProcessWhenForked(SurefireStarter.java:107)
	at org.apache.maven.surefire.booter.ForkedBooter.main(ForkedBooter.java:68)
</pre></div></td>
<td>0</td>
<td>test.hida.MinterTest@5e30e1c0</td></tr>
<tr>
<td title='test.hida.MinterTest.testBadParameterExceptionAutoMinter()'><b>testBadParameterExceptionAutoMinter</b><br>Test class: test.hida.MinterTest<br>Parameters: 100, prefix, DIGIT, -10, true</td>
<td><div><pre>com.hida.BadParameterException: An invalid &apos;RootLength&apos; was detected: -10
	at com.hida.Minter.&lt;init&gt;(Minter.java:146)
	at test.hida.MinterTest.testBadParameterExceptionAutoMinter(MinterTest.java:434)
... Removed 33 stack frames</pre></div><a href='#' onClick='toggleBox("stack-trace277486838", this, "Click to show all stack frames", "Click to hide stack frames")'>Click to show all stack frames</a>
<div class='stack-trace' id='stack-trace277486838'><pre>com.hida.BadParameterException: An invalid &apos;RootLength&apos; was detected: -10
	at com.hida.Minter.&lt;init&gt;(Minter.java:146)
	at test.hida.MinterTest.testBadParameterExceptionAutoMinter(MinterTest.java:434)
	at sun.reflect.NativeMethodAccessorImpl.invoke0(Native Method)
	at sun.reflect.NativeMethodAccessorImpl.invoke(NativeMethodAccessorImpl.java:57)
	at sun.reflect.DelegatingMethodAccessorImpl.invoke(DelegatingMethodAccessorImpl.java:43)
	at java.lang.reflect.Method.invoke(Method.java:606)
	at org.testng.internal.MethodInvocationHelper.invokeMethod(MethodInvocationHelper.java:84)
	at org.testng.internal.Invoker.invokeMethod(Invoker.java:714)
	at org.testng.internal.Invoker.invokeTestMethod(Invoker.java:901)
	at org.testng.internal.Invoker.invokeTestMethods(Invoker.java:1231)
	at org.testng.internal.TestMethodWorker.invokeTestMethods(TestMethodWorker.java:127)
	at org.testng.internal.TestMethodWorker.run(TestMethodWorker.java:111)
	at org.testng.TestRunner.privateRun(TestRunner.java:767)
	at org.testng.TestRunner.run(TestRunner.java:617)
	at org.testng.SuiteRunner.runTest(SuiteRunner.java:334)
	at org.testng.SuiteRunner.runSequentially(SuiteRunner.java:329)
	at org.testng.SuiteRunner.privateRun(SuiteRunner.java:291)
	at org.testng.SuiteRunner.run(SuiteRunner.java:240)
	at org.testng.SuiteRunnerWorker.runSuite(SuiteRunnerWorker.java:52)
	at org.testng.SuiteRunnerWorker.run(SuiteRunnerWorker.java:86)
	at org.testng.TestNG.runSuitesSequentially(TestNG.java:1224)
	at org.testng.TestNG.runSuitesLocally(TestNG.java:1149)
	at org.testng.TestNG.run(TestNG.java:1057)
	at org.apache.maven.surefire.testng.TestNGExecutor.run(TestNGExecutor.java:70)
	at org.apache.maven.surefire.testng.TestNGDirectoryTestSuite.execute(TestNGDirectoryTestSuite.java:109)
	at org.apache.maven.surefire.testng.TestNGProvider.invoke(TestNGProvider.java:111)
	at sun.reflect.NativeMethodAccessorImpl.invoke0(Native Method)
	at sun.reflect.NativeMethodAccessorImpl.invoke(NativeMethodAccessorImpl.java:57)
	at sun.reflect.DelegatingMethodAccessorImpl.invoke(DelegatingMethodAccessorImpl.java:43)
	at java.lang.reflect.Method.invoke(Method.java:606)
	at org.apache.maven.surefire.util.ReflectionUtils.invokeMethodWithArray(ReflectionUtils.java:164)
	at org.apache.maven.surefire.booter.ProviderFactory$ProviderProxy.invoke(ProviderFactory.java:110)
	at org.apache.maven.surefire.booter.SurefireStarter.invokeProvider(SurefireStarter.java:175)
	at org.apache.maven.surefire.booter.SurefireStarter.runSuitesInProcessWhenForked(SurefireStarter.java:107)
	at org.apache.maven.surefire.booter.ForkedBooter.main(ForkedBooter.java:68)
</pre></div></td>
<td>0</td>
<td>test.hida.MinterTest@5e30e1c0</td></tr>
<tr>
<td title='test.hida.MinterTest.testBadParameterExceptionAutoMinter()'><b>testBadParameterExceptionAutoMinter</b><br>Test class: test.hida.MinterTest<br>Parameters: 100, prefix, DIGIT, 11, true</td>
<td><div><pre>com.hida.BadParameterException: An invalid &apos;RootLength&apos; was detected: 11
	at com.hida.Minter.&lt;init&gt;(Minter.java:146)
	at test.hida.MinterTest.testBadParameterExceptionAutoMinter(MinterTest.java:434)
... Removed 33 stack frames</pre></div><a href='#' onClick='toggleBox("stack-trace1534288629", this, "Click to show all stack frames", "Click to hide stack frames")'>Click to show all stack frames</a>
<div class='stack-trace' id='stack-trace1534288629'><pre>com.hida.BadParameterException: An invalid &apos;RootLength&apos; was detected: 11
	at com.hida.Minter.&lt;init&gt;(Minter.java:146)
	at test.hida.MinterTest.testBadParameterExceptionAutoMinter(MinterTest.java:434)
	at sun.reflect.NativeMethodAccessorImpl.invoke0(Native Method)
	at sun.reflect.NativeMethodAccessorImpl.invoke(NativeMethodAccessorImpl.java:57)
	at sun.reflect.DelegatingMethodAccessorImpl.invoke(DelegatingMethodAccessorImpl.java:43)
	at java.lang.reflect.Method.invoke(Method.java:606)
	at org.testng.internal.MethodInvocationHelper.invokeMethod(MethodInvocationHelper.java:84)
	at org.testng.internal.Invoker.invokeMethod(Invoker.java:714)
	at org.testng.internal.Invoker.invokeTestMethod(Invoker.java:901)
	at org.testng.internal.Invoker.invokeTestMethods(Invoker.java:1231)
	at org.testng.internal.TestMethodWorker.invokeTestMethods(TestMethodWorker.java:127)
	at org.testng.internal.TestMethodWorker.run(TestMethodWorker.java:111)
	at org.testng.TestRunner.privateRun(TestRunner.java:767)
	at org.testng.TestRunner.run(TestRunner.java:617)
	at org.testng.SuiteRunner.runTest(SuiteRunner.java:334)
	at org.testng.SuiteRunner.runSequentially(SuiteRunner.java:329)
	at org.testng.SuiteRunner.privateRun(SuiteRunner.java:291)
	at org.testng.SuiteRunner.run(SuiteRunner.java:240)
	at org.testng.SuiteRunnerWorker.runSuite(SuiteRunnerWorker.java:52)
	at org.testng.SuiteRunnerWorker.run(SuiteRunnerWorker.java:86)
	at org.testng.TestNG.runSuitesSequentially(TestNG.java:1224)
	at org.testng.TestNG.runSuitesLocally(TestNG.java:1149)
	at org.testng.TestNG.run(TestNG.java:1057)
	at org.apache.maven.surefire.testng.TestNGExecutor.run(TestNGExecutor.java:70)
	at org.apache.maven.surefire.testng.TestNGDirectoryTestSuite.execute(TestNGDirectoryTestSuite.java:109)
	at org.apache.maven.surefire.testng.TestNGProvider.invoke(TestNGProvider.java:111)
	at sun.reflect.NativeMethodAccessorImpl.invoke0(Native Method)
	at sun.reflect.NativeMethodAccessorImpl.invoke(NativeMethodAccessorImpl.java:57)
	at sun.reflect.DelegatingMethodAccessorImpl.invoke(DelegatingMethodAccessorImpl.java:43)
	at java.lang.reflect.Method.invoke(Method.java:606)
	at org.apache.maven.surefire.util.ReflectionUtils.invokeMethodWithArray(ReflectionUtils.java:164)
	at org.apache.maven.surefire.booter.ProviderFactory$ProviderProxy.invoke(ProviderFactory.java:110)
	at org.apache.maven.surefire.booter.SurefireStarter.invokeProvider(SurefireStarter.java:175)
	at org.apache.maven.surefire.booter.SurefireStarter.runSuitesInProcessWhenForked(SurefireStarter.java:107)
	at org.apache.maven.surefire.booter.ForkedBooter.main(ForkedBooter.java:68)
</pre></div></td>
<td>0</td>
<td>test.hida.MinterTest@5e30e1c0</td></tr>
<tr>
<td title='test.hida.MinterTest.testBadParameterExceptionCustomMinter()'><b>testBadParameterExceptionCustomMinter</b><br>Test class: test.hida.MinterTest<br>Parameters: -110, prefix, dlume, true</td>
<td><div><pre>com.hida.BadParameterException: An invalid &apos;Requested Amount&apos; was detected: -110
	at test.hida.MinterTest.testBadParameterExceptionCustomMinter(MinterTest.java:455)
... Removed 33 stack frames</pre></div><a href='#' onClick='toggleBox("stack-trace474630861", this, "Click to show all stack frames", "Click to hide stack frames")'>Click to show all stack frames</a>
<div class='stack-trace' id='stack-trace474630861'><pre>com.hida.BadParameterException: An invalid &apos;Requested Amount&apos; was detected: -110
	at test.hida.MinterTest.testBadParameterExceptionCustomMinter(MinterTest.java:455)
	at sun.reflect.NativeMethodAccessorImpl.invoke0(Native Method)
	at sun.reflect.NativeMethodAccessorImpl.invoke(NativeMethodAccessorImpl.java:57)
	at sun.reflect.DelegatingMethodAccessorImpl.invoke(DelegatingMethodAccessorImpl.java:43)
	at java.lang.reflect.Method.invoke(Method.java:606)
	at org.testng.internal.MethodInvocationHelper.invokeMethod(MethodInvocationHelper.java:84)
	at org.testng.internal.Invoker.invokeMethod(Invoker.java:714)
	at org.testng.internal.Invoker.invokeTestMethod(Invoker.java:901)
	at org.testng.internal.Invoker.invokeTestMethods(Invoker.java:1231)
	at org.testng.internal.TestMethodWorker.invokeTestMethods(TestMethodWorker.java:127)
	at org.testng.internal.TestMethodWorker.run(TestMethodWorker.java:111)
	at org.testng.TestRunner.privateRun(TestRunner.java:767)
	at org.testng.TestRunner.run(TestRunner.java:617)
	at org.testng.SuiteRunner.runTest(SuiteRunner.java:334)
	at org.testng.SuiteRunner.runSequentially(SuiteRunner.java:329)
	at org.testng.SuiteRunner.privateRun(SuiteRunner.java:291)
	at org.testng.SuiteRunner.run(SuiteRunner.java:240)
	at org.testng.SuiteRunnerWorker.runSuite(SuiteRunnerWorker.java:52)
	at org.testng.SuiteRunnerWorker.run(SuiteRunnerWorker.java:86)
	at org.testng.TestNG.runSuitesSequentially(TestNG.java:1224)
	at org.testng.TestNG.runSuitesLocally(TestNG.java:1149)
	at org.testng.TestNG.run(TestNG.java:1057)
	at org.apache.maven.surefire.testng.TestNGExecutor.run(TestNGExecutor.java:70)
	at org.apache.maven.surefire.testng.TestNGDirectoryTestSuite.execute(TestNGDirectoryTestSuite.java:109)
	at org.apache.maven.surefire.testng.TestNGProvider.invoke(TestNGProvider.java:111)
	at sun.reflect.NativeMethodAccessorImpl.invoke0(Native Method)
	at sun.reflect.NativeMethodAccessorImpl.invoke(NativeMethodAccessorImpl.java:57)
	at sun.reflect.DelegatingMethodAccessorImpl.invoke(DelegatingMethodAccessorImpl.java:43)
	at java.lang.reflect.Method.invoke(Method.java:606)
	at org.apache.maven.surefire.util.ReflectionUtils.invokeMethodWithArray(ReflectionUtils.java:164)
	at org.apache.maven.surefire.booter.ProviderFactory$ProviderProxy.invoke(ProviderFactory.java:110)
	at org.apache.maven.surefire.booter.SurefireStarter.invokeProvider(SurefireStarter.java:175)
	at org.apache.maven.surefire.booter.SurefireStarter.runSuitesInProcessWhenForked(SurefireStarter.java:107)
	at org.apache.maven.surefire.booter.ForkedBooter.main(ForkedBooter.java:68)
</pre></div></td>
<td>0</td>
<td>test.hida.MinterTest@5e30e1c0</td></tr>
<tr>
<td title='test.hida.MinterTest.testBadParameterExceptionCustomMinter()'><b>testBadParameterExceptionCustomMinter</b><br>Test class: test.hida.MinterTest<br>Parameters: 100, &prefix, dlume, true</td>
<td><div><pre>com.hida.BadParameterException: An invalid &apos;Prefix&apos; was detected: &amp;prefix
	at com.hida.Minter.&lt;init&gt;(Minter.java:221)
	at test.hida.MinterTest.testBadParameterExceptionCustomMinter(MinterTest.java:452)
... Removed 33 stack frames</pre></div><a href='#' onClick='toggleBox("stack-trace1366615869", this, "Click to show all stack frames", "Click to hide stack frames")'>Click to show all stack frames</a>
<div class='stack-trace' id='stack-trace1366615869'><pre>com.hida.BadParameterException: An invalid &apos;Prefix&apos; was detected: &amp;prefix
	at com.hida.Minter.&lt;init&gt;(Minter.java:221)
	at test.hida.MinterTest.testBadParameterExceptionCustomMinter(MinterTest.java:452)
	at sun.reflect.NativeMethodAccessorImpl.invoke0(Native Method)
	at sun.reflect.NativeMethodAccessorImpl.invoke(NativeMethodAccessorImpl.java:57)
	at sun.reflect.DelegatingMethodAccessorImpl.invoke(DelegatingMethodAccessorImpl.java:43)
	at java.lang.reflect.Method.invoke(Method.java:606)
	at org.testng.internal.MethodInvocationHelper.invokeMethod(MethodInvocationHelper.java:84)
	at org.testng.internal.Invoker.invokeMethod(Invoker.java:714)
	at org.testng.internal.Invoker.invokeTestMethod(Invoker.java:901)
	at org.testng.internal.Invoker.invokeTestMethods(Invoker.java:1231)
	at org.testng.internal.TestMethodWorker.invokeTestMethods(TestMethodWorker.java:127)
	at org.testng.internal.TestMethodWorker.run(TestMethodWorker.java:111)
	at org.testng.TestRunner.privateRun(TestRunner.java:767)
	at org.testng.TestRunner.run(TestRunner.java:617)
	at org.testng.SuiteRunner.runTest(SuiteRunner.java:334)
	at org.testng.SuiteRunner.runSequentially(SuiteRunner.java:329)
	at org.testng.SuiteRunner.privateRun(SuiteRunner.java:291)
	at org.testng.SuiteRunner.run(SuiteRunner.java:240)
	at org.testng.SuiteRunnerWorker.runSuite(SuiteRunnerWorker.java:52)
	at org.testng.SuiteRunnerWorker.run(SuiteRunnerWorker.java:86)
	at org.testng.TestNG.runSuitesSequentially(TestNG.java:1224)
	at org.testng.TestNG.runSuitesLocally(TestNG.java:1149)
	at org.testng.TestNG.run(TestNG.java:1057)
	at org.apache.maven.surefire.testng.TestNGExecutor.run(TestNGExecutor.java:70)
	at org.apache.maven.surefire.testng.TestNGDirectoryTestSuite.execute(TestNGDirectoryTestSuite.java:109)
	at org.apache.maven.surefire.testng.TestNGProvider.invoke(TestNGProvider.java:111)
	at sun.reflect.NativeMethodAccessorImpl.invoke0(Native Method)
	at sun.reflect.NativeMethodAccessorImpl.invoke(NativeMethodAccessorImpl.java:57)
	at sun.reflect.DelegatingMethodAccessorImpl.invoke(DelegatingMethodAccessorImpl.java:43)
	at java.lang.reflect.Method.invoke(Method.java:606)
	at org.apache.maven.surefire.util.ReflectionUtils.invokeMethodWithArray(ReflectionUtils.java:164)
	at org.apache.maven.surefire.booter.ProviderFactory$ProviderProxy.invoke(ProviderFactory.java:110)
	at org.apache.maven.surefire.booter.SurefireStarter.invokeProvider(SurefireStarter.java:175)
	at org.apache.maven.surefire.booter.SurefireStarter.runSuitesInProcessWhenForked(SurefireStarter.java:107)
	at org.apache.maven.surefire.booter.ForkedBooter.main(ForkedBooter.java:68)
</pre></div></td>
<td>0</td>
<td>test.hida.MinterTest@5e30e1c0</td></tr>
<tr>
<td title='test.hida.MinterTest.testBadParameterExceptionCustomMinter()'><b>testBadParameterExceptionCustomMinter</b><br>Test class: test.hida.MinterTest<br>Parameters: 100,                      , dlume, true</td>
<td><div><pre>com.hida.BadParameterException: An invalid &apos;Prefix&apos; was detected:                      
	at com.hida.Minter.&lt;init&gt;(Minter.java:221)
	at test.hida.MinterTest.testBadParameterExceptionCustomMinter(MinterTest.java:452)
... Removed 33 stack frames</pre></div><a href='#' onClick='toggleBox("stack-trace1375305618", this, "Click to show all stack frames", "Click to hide stack frames")'>Click to show all stack frames</a>
<div class='stack-trace' id='stack-trace1375305618'><pre>com.hida.BadParameterException: An invalid &apos;Prefix&apos; was detected:                      
	at com.hida.Minter.&lt;init&gt;(Minter.java:221)
	at test.hida.MinterTest.testBadParameterExceptionCustomMinter(MinterTest.java:452)
	at sun.reflect.NativeMethodAccessorImpl.invoke0(Native Method)
	at sun.reflect.NativeMethodAccessorImpl.invoke(NativeMethodAccessorImpl.java:57)
	at sun.reflect.DelegatingMethodAccessorImpl.invoke(DelegatingMethodAccessorImpl.java:43)
	at java.lang.reflect.Method.invoke(Method.java:606)
	at org.testng.internal.MethodInvocationHelper.invokeMethod(MethodInvocationHelper.java:84)
	at org.testng.internal.Invoker.invokeMethod(Invoker.java:714)
	at org.testng.internal.Invoker.invokeTestMethod(Invoker.java:901)
	at org.testng.internal.Invoker.invokeTestMethods(Invoker.java:1231)
	at org.testng.internal.TestMethodWorker.invokeTestMethods(TestMethodWorker.java:127)
	at org.testng.internal.TestMethodWorker.run(TestMethodWorker.java:111)
	at org.testng.TestRunner.privateRun(TestRunner.java:767)
	at org.testng.TestRunner.run(TestRunner.java:617)
	at org.testng.SuiteRunner.runTest(SuiteRunner.java:334)
	at org.testng.SuiteRunner.runSequentially(SuiteRunner.java:329)
	at org.testng.SuiteRunner.privateRun(SuiteRunner.java:291)
	at org.testng.SuiteRunner.run(SuiteRunner.java:240)
	at org.testng.SuiteRunnerWorker.runSuite(SuiteRunnerWorker.java:52)
	at org.testng.SuiteRunnerWorker.run(SuiteRunnerWorker.java:86)
	at org.testng.TestNG.runSuitesSequentially(TestNG.java:1224)
	at org.testng.TestNG.runSuitesLocally(TestNG.java:1149)
	at org.testng.TestNG.run(TestNG.java:1057)
	at org.apache.maven.surefire.testng.TestNGExecutor.run(TestNGExecutor.java:70)
	at org.apache.maven.surefire.testng.TestNGDirectoryTestSuite.execute(TestNGDirectoryTestSuite.java:109)
	at org.apache.maven.surefire.testng.TestNGProvider.invoke(TestNGProvider.java:111)
	at sun.reflect.NativeMethodAccessorImpl.invoke0(Native Method)
	at sun.reflect.NativeMethodAccessorImpl.invoke(NativeMethodAccessorImpl.java:57)
	at sun.reflect.DelegatingMethodAccessorImpl.invoke(DelegatingMethodAccessorImpl.java:43)
	at java.lang.reflect.Method.invoke(Method.java:606)
	at org.apache.maven.surefire.util.ReflectionUtils.invokeMethodWithArray(ReflectionUtils.java:164)
	at org.apache.maven.surefire.booter.ProviderFactory$ProviderProxy.invoke(ProviderFactory.java:110)
	at org.apache.maven.surefire.booter.SurefireStarter.invokeProvider(SurefireStarter.java:175)
	at org.apache.maven.surefire.booter.SurefireStarter.runSuitesInProcessWhenForked(SurefireStarter.java:107)
	at org.apache.maven.surefire.booter.ForkedBooter.main(ForkedBooter.java:68)
</pre></div></td>
<td>0</td>
<td>test.hida.MinterTest@5e30e1c0</td></tr>
<tr>
<td title='test.hida.MinterTest.testBadParameterExceptionCustomMinter()'><b>testBadParameterExceptionCustomMinter</b><br>Test class: test.hida.MinterTest<br>Parameters: 100, prefix, dlumea, true</td>
<td><div><pre>com.hida.BadParameterException: An invalid &apos;detected in getToken method&apos; was detected: dlumea
	at com.hida.Minter.convertToToken(Minter.java:519)
	at com.hida.Minter.&lt;init&gt;(Minter.java:210)
	at test.hida.MinterTest.testBadParameterExceptionCustomMinter(MinterTest.java:452)
... Removed 33 stack frames</pre></div><a href='#' onClick='toggleBox("stack-trace1395029065", this, "Click to show all stack frames", "Click to hide stack frames")'>Click to show all stack frames</a>
<div class='stack-trace' id='stack-trace1395029065'><pre>com.hida.BadParameterException: An invalid &apos;detected in getToken method&apos; was detected: dlumea
	at com.hida.Minter.convertToToken(Minter.java:519)
	at com.hida.Minter.&lt;init&gt;(Minter.java:210)
	at test.hida.MinterTest.testBadParameterExceptionCustomMinter(MinterTest.java:452)
	at sun.reflect.NativeMethodAccessorImpl.invoke0(Native Method)
	at sun.reflect.NativeMethodAccessorImpl.invoke(NativeMethodAccessorImpl.java:57)
	at sun.reflect.DelegatingMethodAccessorImpl.invoke(DelegatingMethodAccessorImpl.java:43)
	at java.lang.reflect.Method.invoke(Method.java:606)
	at org.testng.internal.MethodInvocationHelper.invokeMethod(MethodInvocationHelper.java:84)
	at org.testng.internal.Invoker.invokeMethod(Invoker.java:714)
	at org.testng.internal.Invoker.invokeTestMethod(Invoker.java:901)
	at org.testng.internal.Invoker.invokeTestMethods(Invoker.java:1231)
	at org.testng.internal.TestMethodWorker.invokeTestMethods(TestMethodWorker.java:127)
	at org.testng.internal.TestMethodWorker.run(TestMethodWorker.java:111)
	at org.testng.TestRunner.privateRun(TestRunner.java:767)
	at org.testng.TestRunner.run(TestRunner.java:617)
	at org.testng.SuiteRunner.runTest(SuiteRunner.java:334)
	at org.testng.SuiteRunner.runSequentially(SuiteRunner.java:329)
	at org.testng.SuiteRunner.privateRun(SuiteRunner.java:291)
	at org.testng.SuiteRunner.run(SuiteRunner.java:240)
	at org.testng.SuiteRunnerWorker.runSuite(SuiteRunnerWorker.java:52)
	at org.testng.SuiteRunnerWorker.run(SuiteRunnerWorker.java:86)
	at org.testng.TestNG.runSuitesSequentially(TestNG.java:1224)
	at org.testng.TestNG.runSuitesLocally(TestNG.java:1149)
	at org.testng.TestNG.run(TestNG.java:1057)
	at org.apache.maven.surefire.testng.TestNGExecutor.run(TestNGExecutor.java:70)
	at org.apache.maven.surefire.testng.TestNGDirectoryTestSuite.execute(TestNGDirectoryTestSuite.java:109)
	at org.apache.maven.surefire.testng.TestNGProvider.invoke(TestNGProvider.java:111)
	at sun.reflect.NativeMethodAccessorImpl.invoke0(Native Method)
	at sun.reflect.NativeMethodAccessorImpl.invoke(NativeMethodAccessorImpl.java:57)
	at sun.reflect.DelegatingMethodAccessorImpl.invoke(DelegatingMethodAccessorImpl.java:43)
	at java.lang.reflect.Method.invoke(Method.java:606)
	at org.apache.maven.surefire.util.ReflectionUtils.invokeMethodWithArray(ReflectionUtils.java:164)
	at org.apache.maven.surefire.booter.ProviderFactory$ProviderProxy.invoke(ProviderFactory.java:110)
	at org.apache.maven.surefire.booter.SurefireStarter.invokeProvider(SurefireStarter.java:175)
	at org.apache.maven.surefire.booter.SurefireStarter.runSuitesInProcessWhenForked(SurefireStarter.java:107)
	at org.apache.maven.surefire.booter.ForkedBooter.main(ForkedBooter.java:68)
</pre></div></td>
<td>0</td>
<td>test.hida.MinterTest@5e30e1c0</td></tr>
<tr>
<td title='test.hida.MinterTest.testFormat()'><b>testFormat</b><br>Test class: test.hida.MinterTest<br>Parameters: 20, 1, DIGIT, true, 5</td>
<td></td>
<td>0</td>
<td>test.hida.MinterTest@5e30e1c0</td></tr>
<tr>
<td title='test.hida.MinterTest.testFormat()'><b>testFormat</b><br>Test class: test.hida.MinterTest<br>Parameters: 82, 2, LOWER_EXTENDED, true, 5</td>
<td></td>
<td>0</td>
<td>test.hida.MinterTest@5e30e1c0</td></tr>
<tr>
<td title='test.hida.MinterTest.testFormat()'><b>testFormat</b><br>Test class: test.hida.MinterTest<br>Parameters: 54, 3, UPPER_EXTENDED, true, 5</td>
<td></td>
<td>0</td>
<td>test.hida.MinterTest@5e30e1c0</td></tr>
<tr>
<td title='test.hida.MinterTest.testFormat()'><b>testFormat</b><br>Test class: test.hida.MinterTest<br>Parameters: 70, 4, MIXED_EXTENDED, true, 5</td>
<td></td>
<td>0</td>
<td>test.hida.MinterTest@5e30e1c0</td></tr>
<tr>
<td title='test.hida.MinterTest.testFormat()'><b>testFormat</b><br>Test class: test.hida.MinterTest<br>Parameters: 37, 5, LOWERCASE, true, 5</td>
<td></td>
<td>0</td>
<td>test.hida.MinterTest@5e30e1c0</td></tr>
<tr>
<td title='test.hida.MinterTest.testFormat()'><b>testFormat</b><br>Test class: test.hida.MinterTest<br>Parameters: 57, 6, UPPERCASE, true, 5</td>
<td></td>
<td>0</td>
<td>test.hida.MinterTest@5e30e1c0</td></tr>
<tr>
<td title='test.hida.MinterTest.testFormat()'><b>testFormat</b><br>Test class: test.hida.MinterTest<br>Parameters: 39, 7, MIXEDCASE, true, 5</td>
<td></td>
<td>0</td>
<td>test.hida.MinterTest@5e30e1c0</td></tr>
<tr>
<td title='test.hida.MinterTest.testFormat()'><b>testFormat</b><br>Test class: test.hida.MinterTest<br>Parameters: 52, 1, DIGIT, false, 5</td>
<td></td>
<td>0</td>
<td>test.hida.MinterTest@5e30e1c0</td></tr>
<tr>
<td title='test.hida.MinterTest.testFormat()'><b>testFormat</b><br>Test class: test.hida.MinterTest<br>Parameters: 62, 2, LOWER_EXTENDED, false, 5</td>
<td></td>
<td>0</td>
<td>test.hida.MinterTest@5e30e1c0</td></tr>
<tr>
<td title='test.hida.MinterTest.testFormat()'><b>testFormat</b><br>Test class: test.hida.MinterTest<br>Parameters: 19, 3, UPPER_EXTENDED, false, 5</td>
<td></td>
<td>0</td>
<td>test.hida.MinterTest@5e30e1c0</td></tr>
<tr>
<td title='test.hida.MinterTest.testFormat()'><b>testFormat</b><br>Test class: test.hida.MinterTest<br>Parameters: 45, 4, MIXED_EXTENDED, false, 5</td>
<td></td>
<td>0</td>
<td>test.hida.MinterTest@5e30e1c0</td></tr>
<tr>
<td title='test.hida.MinterTest.testFormat()'><b>testFormat</b><br>Test class: test.hida.MinterTest<br>Parameters: 65, 5, LOWERCASE, false, 5</td>
<td></td>
<td>0</td>
<td>test.hida.MinterTest@5e30e1c0</td></tr>
<tr>
<td title='test.hida.MinterTest.testFormat()'><b>testFormat</b><br>Test class: test.hida.MinterTest<br>Parameters: 64, 6, UPPERCASE, false, 5</td>
<td></td>
<td>0</td>
<td>test.hida.MinterTest@5e30e1c0</td></tr>
<tr>
<td title='test.hida.MinterTest.testFormat()'><b>testFormat</b><br>Test class: test.hida.MinterTest<br>Parameters: 11, 7, MIXEDCASE, false, 5</td>
<td></td>
<td>0</td>
<td>test.hida.MinterTest@5e30e1c0</td></tr>
<tr>
<td title='test.hida.MinterTest.testUniqueIdAutoSequentialMinter()'><b>testUniqueIdAutoSequentialMinter</b><br>Test class: test.hida.MinterTest<br>Parameters: 82, DIGIT</td>
<td></td>
<td>0</td>
<td>test.hida.MinterTest@5e30e1c0</td></tr>
<tr>
<td title='test.hida.MinterTest.testUniqueIdAutoSequentialMinter()'><b>testUniqueIdAutoSequentialMinter</b><br>Test class: test.hida.MinterTest<br>Parameters: 16, LOWERCASE</td>
<td></td>
<td>0</td>
<td>test.hida.MinterTest@5e30e1c0</td></tr>
<tr>
<td title='test.hida.MinterTest.testUniqueIdAutoSequentialMinter()'><b>testUniqueIdAutoSequentialMinter</b><br>Test class: test.hida.MinterTest<br>Parameters: 42, UPPERCASE</td>
<td></td>
<td>0</td>
<td>test.hida.MinterTest@5e30e1c0</td></tr>
<tr>
<td title='test.hida.MinterTest.testUniqueIdAutoSequentialMinter()'><b>testUniqueIdAutoSequentialMinter</b><br>Test class: test.hida.MinterTest<br>Parameters: 85, MIXEDCASE</td>
<td></td>
<td>0</td>
<td>test.hida.MinterTest@5e30e1c0</td></tr>
<tr>
<td title='test.hida.MinterTest.testUniqueIdAutoSequentialMinter()'><b>testUniqueIdAutoSequentialMinter</b><br>Test class: test.hida.MinterTest<br>Parameters: 35, LOWER_EXTENDED</td>
<td></td>
<td>0</td>
<td>test.hida.MinterTest@5e30e1c0</td></tr>
<tr>
<td title='test.hida.MinterTest.testUniqueIdAutoSequentialMinter()'><b>testUniqueIdAutoSequentialMinter</b><br>Test class: test.hida.MinterTest<br>Parameters: 69, UPPER_EXTENDED</td>
<td></td>
<td>0</td>
<td>test.hida.MinterTest@5e30e1c0</td></tr>
<tr>
<td title='test.hida.MinterTest.testUniqueIdAutoSequentialMinter()'><b>testUniqueIdAutoSequentialMinter</b><br>Test class: test.hida.MinterTest<br>Parameters: 60, MIXED_EXTENDED</td>
<td></td>
<td>0</td>
<td>test.hida.MinterTest@5e30e1c0</td></tr>
<tr>
<td title='test.hida.MinterTest.testUniqueIdRandomAutoMinter()'><b>testUniqueIdRandomAutoMinter</b><br>Test class: test.hida.MinterTest<br>Parameters: 72, DIGIT</td>
<td></td>
<td>0</td>
<td>test.hida.MinterTest@5e30e1c0</td></tr>
<tr>
<td title='test.hida.MinterTest.testUniqueIdRandomAutoMinter()'><b>testUniqueIdRandomAutoMinter</b><br>Test class: test.hida.MinterTest<br>Parameters: 76, LOWERCASE</td>
<td></td>
<td>0</td>
<td>test.hida.MinterTest@5e30e1c0</td></tr>
<tr>
<td title='test.hida.MinterTest.testUniqueIdRandomAutoMinter()'><b>testUniqueIdRandomAutoMinter</b><br>Test class: test.hida.MinterTest<br>Parameters: 73, UPPERCASE</td>
<td></td>
<td>0</td>
<td>test.hida.MinterTest@5e30e1c0</td></tr>
<tr>
<td title='test.hida.MinterTest.testUniqueIdRandomAutoMinter()'><b>testUniqueIdRandomAutoMinter</b><br>Test class: test.hida.MinterTest<br>Parameters: 26, MIXEDCASE</td>
<td></td>
<td>0</td>
<td>test.hida.MinterTest@5e30e1c0</td></tr>
<tr>
<td title='test.hida.MinterTest.testUniqueIdRandomAutoMinter()'><b>testUniqueIdRandomAutoMinter</b><br>Test class: test.hida.MinterTest<br>Parameters: 47, LOWER_EXTENDED</td>
<td></td>
<td>0</td>
<td>test.hida.MinterTest@5e30e1c0</td></tr>
<tr>
<td title='test.hida.MinterTest.testUniqueIdRandomAutoMinter()'><b>testUniqueIdRandomAutoMinter</b><br>Test class: test.hida.MinterTest<br>Parameters: 85, UPPER_EXTENDED</td>
<td></td>
<td>0</td>
<td>test.hida.MinterTest@5e30e1c0</td></tr>
<tr>
<td title='test.hida.MinterTest.testUniqueIdRandomAutoMinter()'><b>testUniqueIdRandomAutoMinter</b><br>Test class: test.hida.MinterTest<br>Parameters: 96, MIXED_EXTENDED</td>
<td></td>
<td>0</td>
<td>test.hida.MinterTest@5e30e1c0</td></tr>
<tr>
<td title='test.hida.MinterTest.testUniqueIdRandomCustomMinter()'><b>testUniqueIdRandomCustomMinter</b><br>Test class: test.hida.MinterTest<br>Parameters: 98, ddddd, DIGIT</td>
<td></td>
<td>0</td>
<td>test.hida.MinterTest@5e30e1c0</td></tr>
<tr>
<td title='test.hida.MinterTest.testUniqueIdRandomCustomMinter()'><b>testUniqueIdRandomCustomMinter</b><br>Test class: test.hida.MinterTest<br>Parameters: 45, lllll, LOWERCASE</td>
<td></td>
<td>0</td>
<td>test.hida.MinterTest@5e30e1c0</td></tr>
<tr>
<td title='test.hida.MinterTest.testUniqueIdRandomCustomMinter()'><b>testUniqueIdRandomCustomMinter</b><br>Test class: test.hida.MinterTest<br>Parameters: 79, uuuuu, UPPERCASE</td>
<td></td>
<td>0</td>
<td>test.hida.MinterTest@5e30e1c0</td></tr>
<tr>
<td title='test.hida.MinterTest.testUniqueIdRandomCustomMinter()'><b>testUniqueIdRandomCustomMinter</b><br>Test class: test.hida.MinterTest<br>Parameters: 51, lmmmu, MIXEDCASE</td>
<td></td>
<td>0</td>
<td>test.hida.MinterTest@5e30e1c0</td></tr>
<tr>
<td title='test.hida.MinterTest.testUniqueIdRandomCustomMinter()'><b>testUniqueIdRandomCustomMinter</b><br>Test class: test.hida.MinterTest<br>Parameters: 77, lulul, MIXEDCASE</td>
<td></td>
<td>0</td>
<td>test.hida.MinterTest@5e30e1c0</td></tr>
<tr>
<td title='test.hida.MinterTest.testUniqueIdRandomCustomMinter()'><b>testUniqueIdRandomCustomMinter</b><br>Test class: test.hida.MinterTest<br>Parameters: 73, ldldl, LOWER_EXTENDED</td>
<td></td>
<td>0</td>
<td>test.hida.MinterTest@5e30e1c0</td></tr>
<tr>
<td title='test.hida.MinterTest.testUniqueIdRandomCustomMinter()'><b>testUniqueIdRandomCustomMinter</b><br>Test class: test.hida.MinterTest<br>Parameters: 42, ududu, UPPER_EXTENDED</td>
<td></td>
<td>0</td>
<td>test.hida.MinterTest@5e30e1c0</td></tr>
<tr>
<td title='test.hida.MinterTest.testUniqueIdRandomCustomMinter()'><b>testUniqueIdRandomCustomMinter</b><br>Test class: test.hida.MinterTest<br>Parameters: 84, uedel, MIXED_EXTENDED</td>
<td></td>
<td>0</td>
<td>test.hida.MinterTest@5e30e1c0</td></tr>
<tr>
<td title='test.hida.MinterTest.testUniqueIdRandomCustomMinter()'><b>testUniqueIdRandomCustomMinter</b><br>Test class: test.hida.MinterTest<br>Parameters: 93, ldmdu, MIXED_EXTENDED</td>
<td></td>
<td>0</td>
<td>test.hida.MinterTest@5e30e1c0</td></tr>
<tr>
<td title='test.hida.MinterTest.testUniqueIdRandomCustomMinter()'><b>testUniqueIdRandomCustomMinter</b><br>Test class: test.hida.MinterTest<br>Parameters: 27, ldudl, MIXED_EXTENDED</td>
<td></td>
<td>0</td>
<td>test.hida.MinterTest@5e30e1c0</td></tr>
<tr>
<td title='test.hida.MinterTest.testUniqueIdSequentialCustomMinter()'><b>testUniqueIdSequentialCustomMinter</b><br>Test class: test.hida.MinterTest<br>Parameters: 16, ddddd, DIGIT</td>
<td></td>
<td>0</td>
<td>test.hida.MinterTest@5e30e1c0</td></tr>
<tr>
<td title='test.hida.MinterTest.testUniqueIdSequentialCustomMinter()'><b>testUniqueIdSequentialCustomMinter</b><br>Test class: test.hida.MinterTest<br>Parameters: 94, lllll, LOWERCASE</td>
<td></td>
<td>0</td>
<td>test.hida.MinterTest@5e30e1c0</td></tr>
<tr>
<td title='test.hida.MinterTest.testUniqueIdSequentialCustomMinter()'><b>testUniqueIdSequentialCustomMinter</b><br>Test class: test.hida.MinterTest<br>Parameters: 49, uuuuu, UPPERCASE</td>
<td></td>
<td>0</td>
<td>test.hida.MinterTest@5e30e1c0</td></tr>
<tr>
<td title='test.hida.MinterTest.testUniqueIdSequentialCustomMinter()'><b>testUniqueIdSequentialCustomMinter</b><br>Test class: test.hida.MinterTest<br>Parameters: 66, lmmmu, MIXEDCASE</td>
<td></td>
<td>0</td>
<td>test.hida.MinterTest@5e30e1c0</td></tr>
<tr>
<td title='test.hida.MinterTest.testUniqueIdSequentialCustomMinter()'><b>testUniqueIdSequentialCustomMinter</b><br>Test class: test.hida.MinterTest<br>Parameters: 87, lulul, MIXEDCASE</td>
<td></td>
<td>0</td>
<td>test.hida.MinterTest@5e30e1c0</td></tr>
<tr>
<td title='test.hida.MinterTest.testUniqueIdSequentialCustomMinter()'><b>testUniqueIdSequentialCustomMinter</b><br>Test class: test.hida.MinterTest<br>Parameters: 60, ldldl, LOWER_EXTENDED</td>
<td></td>
<td>0</td>
<td>test.hida.MinterTest@5e30e1c0</td></tr>
<tr>
<td title='test.hida.MinterTest.testUniqueIdSequentialCustomMinter()'><b>testUniqueIdSequentialCustomMinter</b><br>Test class: test.hida.MinterTest<br>Parameters: 44, ududu, UPPER_EXTENDED</td>
<td></td>
<td>0</td>
<td>test.hida.MinterTest@5e30e1c0</td></tr>
<tr>
<td title='test.hida.MinterTest.testUniqueIdSequentialCustomMinter()'><b>testUniqueIdSequentialCustomMinter</b><br>Test class: test.hida.MinterTest<br>Parameters: 43, uedel, MIXED_EXTENDED</td>
<td></td>
<td>0</td>
<td>test.hida.MinterTest@5e30e1c0</td></tr>
<tr>
<td title='test.hida.MinterTest.testUniqueIdSequentialCustomMinter()'><b>testUniqueIdSequentialCustomMinter</b><br>Test class: test.hida.MinterTest<br>Parameters: 80, ldmdu, MIXED_EXTENDED</td>
<td></td>
<td>0</td>
<td>test.hida.MinterTest@5e30e1c0</td></tr>
<tr>
<td title='test.hida.MinterTest.testUniqueIdSequentialCustomMinter()'><b>testUniqueIdSequentialCustomMinter</b><br>Test class: test.hida.MinterTest<br>Parameters: 41, ldudl, MIXED_EXTENDED</td>
<td></td>
<td>0</td>
<td>test.hida.MinterTest@5e30e1c0</td></tr>
</table><p>
</body>
</html>